2023-04-18 01:06:26 - INFO  autoreload.run_with_reloader:677 - Watching for file changes with StatReloader
2023-04-18 01:06:28 - INFO  aes.<module>:26 - Using TgCrypto
2023-04-18 01:06:33 - ERROR  log.log_response:241 - Internal Server Error: /
Traceback (most recent call last):
  File "/home/timur/PycharmProjects/Univer/Birthday_reminder/venv/lib/python3.8/site-packages/django/template/base.py", line 505, in parse
    compile_func = self.tags[command]
KeyError: 'static'

During handling of the above exception, another exception occurred:

Traceback (most recent call last):
  File "/home/timur/PycharmProjects/Univer/Birthday_reminder/venv/lib/python3.8/site-packages/django/core/handlers/exception.py", line 56, in inner
    response = get_response(request)
  File "/home/timur/PycharmProjects/Univer/Birthday_reminder/venv/lib/python3.8/site-packages/django/core/handlers/base.py", line 197, in _get_response
    response = wrapped_callback(request, *callback_args, **callback_kwargs)
  File "/home/timur/PycharmProjects/Univer/Birthday_reminder/reminder/views.py", line 23, in show_all_client_view
    return render(request, 'home.html', {'form': form})
  File "/home/timur/PycharmProjects/Univer/Birthday_reminder/venv/lib/python3.8/site-packages/django/shortcuts.py", line 24, in render
    content = loader.render_to_string(template_name, context, request, using=using)
  File "/home/timur/PycharmProjects/Univer/Birthday_reminder/venv/lib/python3.8/site-packages/django/template/loader.py", line 62, in render_to_string
    return template.render(context, request)
  File "/home/timur/PycharmProjects/Univer/Birthday_reminder/venv/lib/python3.8/site-packages/django/template/backends/django.py", line 61, in render
    return self.template.render(context)
  File "/home/timur/PycharmProjects/Univer/Birthday_reminder/venv/lib/python3.8/site-packages/django/template/base.py", line 175, in render
    return self._render(context)
  File "/home/timur/PycharmProjects/Univer/Birthday_reminder/venv/lib/python3.8/site-packages/django/test/utils.py", line 111, in instrumented_test_render
    return self.nodelist.render(context)
  File "/home/timur/PycharmProjects/Univer/Birthday_reminder/venv/lib/python3.8/site-packages/django/template/base.py", line 1005, in render
    return SafeString("".join([node.render_annotated(context) for node in self]))
  File "/home/timur/PycharmProjects/Univer/Birthday_reminder/venv/lib/python3.8/site-packages/django/template/base.py", line 1005, in <listcomp>
    return SafeString("".join([node.render_annotated(context) for node in self]))
  File "/home/timur/PycharmProjects/Univer/Birthday_reminder/venv/lib/python3.8/site-packages/django/template/base.py", line 966, in render_annotated
    return self.render(context)
  File "/home/timur/PycharmProjects/Univer/Birthday_reminder/venv/lib/python3.8/site-packages/django/template/loader_tags.py", line 132, in render
    compiled_parent = self.get_parent(context)
  File "/home/timur/PycharmProjects/Univer/Birthday_reminder/venv/lib/python3.8/site-packages/django/template/loader_tags.py", line 129, in get_parent
    return self.find_template(parent, context)
  File "/home/timur/PycharmProjects/Univer/Birthday_reminder/venv/lib/python3.8/site-packages/django/template/loader_tags.py", line 107, in find_template
    template, origin = context.template.engine.find_template(
  File "/home/timur/PycharmProjects/Univer/Birthday_reminder/venv/lib/python3.8/site-packages/django/template/engine.py", line 157, in find_template
    template = loader.get_template(name, skip=skip)
  File "/home/timur/PycharmProjects/Univer/Birthday_reminder/venv/lib/python3.8/site-packages/django/template/loaders/cached.py", line 57, in get_template
    template = super().get_template(template_name, skip)
  File "/home/timur/PycharmProjects/Univer/Birthday_reminder/venv/lib/python3.8/site-packages/django/template/loaders/base.py", line 28, in get_template
    return Template(
  File "/home/timur/PycharmProjects/Univer/Birthday_reminder/venv/lib/python3.8/site-packages/django/template/base.py", line 154, in __init__
    self.nodelist = self.compile_nodelist()
  File "/home/timur/PycharmProjects/Univer/Birthday_reminder/venv/lib/python3.8/site-packages/django/template/base.py", line 200, in compile_nodelist
    return parser.parse()
  File "/home/timur/PycharmProjects/Univer/Birthday_reminder/venv/lib/python3.8/site-packages/django/template/base.py", line 507, in parse
    self.invalid_block_tag(token, command, parse_until)
  File "/home/timur/PycharmProjects/Univer/Birthday_reminder/venv/lib/python3.8/site-packages/django/template/base.py", line 568, in invalid_block_tag
    raise self.error(
django.template.exceptions.TemplateSyntaxError: Invalid block tag on line 9: 'static'. Did you forget to register or load this tag?
2023-04-18 01:06:33 - ERROR  log.log_response:241 - Internal Server Error: /
Traceback (most recent call last):
  File "/home/timur/PycharmProjects/Univer/Birthday_reminder/venv/lib/python3.8/site-packages/django/template/base.py", line 505, in parse
    compile_func = self.tags[command]
KeyError: 'static'

During handling of the above exception, another exception occurred:

Traceback (most recent call last):
  File "/home/timur/PycharmProjects/Univer/Birthday_reminder/venv/lib/python3.8/site-packages/django/core/handlers/exception.py", line 56, in inner
    response = get_response(request)
  File "/home/timur/PycharmProjects/Univer/Birthday_reminder/venv/lib/python3.8/site-packages/debug_toolbar/middleware.py", line 74, in __call__
    rendered = toolbar.render_toolbar()
  File "/home/timur/PycharmProjects/Univer/Birthday_reminder/venv/lib/python3.8/site-packages/debug_toolbar/toolbar.py", line 82, in render_toolbar
    return render_to_string("debug_toolbar/base.html", context)
  File "/home/timur/PycharmProjects/Univer/Birthday_reminder/venv/lib/python3.8/site-packages/django/template/loader.py", line 61, in render_to_string
    template = get_template(template_name, using=using)
  File "/home/timur/PycharmProjects/Univer/Birthday_reminder/venv/lib/python3.8/site-packages/django/template/loader.py", line 15, in get_template
    return engine.get_template(template_name)
  File "/home/timur/PycharmProjects/Univer/Birthday_reminder/venv/lib/python3.8/site-packages/django/template/backends/django.py", line 33, in get_template
    return Template(self.engine.get_template(template_name), self)
  File "/home/timur/PycharmProjects/Univer/Birthday_reminder/venv/lib/python3.8/site-packages/django/template/engine.py", line 175, in get_template
    template, origin = self.find_template(template_name)
  File "/home/timur/PycharmProjects/Univer/Birthday_reminder/venv/lib/python3.8/site-packages/django/template/engine.py", line 157, in find_template
    template = loader.get_template(name, skip=skip)
  File "/home/timur/PycharmProjects/Univer/Birthday_reminder/venv/lib/python3.8/site-packages/django/template/loaders/cached.py", line 57, in get_template
    template = super().get_template(template_name, skip)
  File "/home/timur/PycharmProjects/Univer/Birthday_reminder/venv/lib/python3.8/site-packages/django/template/loaders/base.py", line 28, in get_template
    return Template(
  File "/home/timur/PycharmProjects/Univer/Birthday_reminder/venv/lib/python3.8/site-packages/django/template/base.py", line 154, in __init__
    self.nodelist = self.compile_nodelist()
  File "/home/timur/PycharmProjects/Univer/Birthday_reminder/venv/lib/python3.8/site-packages/django/template/base.py", line 200, in compile_nodelist
    return parser.parse()
  File "/home/timur/PycharmProjects/Univer/Birthday_reminder/venv/lib/python3.8/site-packages/django/template/base.py", line 513, in parse
    raise self.error(token, e)
  File "/home/timur/PycharmProjects/Univer/Birthday_reminder/venv/lib/python3.8/site-packages/django/template/base.py", line 511, in parse
    compiled_result = compile_func(self, token)
  File "/home/timur/PycharmProjects/Univer/Birthday_reminder/venv/lib/python3.8/site-packages/django/template/loader_tags.py", line 232, in do_block
    nodelist = parser.parse(("endblock",))
  File "/home/timur/PycharmProjects/Univer/Birthday_reminder/venv/lib/python3.8/site-packages/django/template/base.py", line 507, in parse
    self.invalid_block_tag(token, command, parse_until)
  File "/home/timur/PycharmProjects/Univer/Birthday_reminder/venv/lib/python3.8/site-packages/django/template/base.py", line 558, in invalid_block_tag
    raise self.error(
django.template.exceptions.TemplateSyntaxError: Invalid block tag on line 3: 'static', expected 'endblock'. Did you forget to register or load this tag?
2023-04-18 01:06:34 - ERROR  log.log_response:241 - Internal Server Error: /favicon.ico
Traceback (most recent call last):
  File "/home/timur/PycharmProjects/Univer/Birthday_reminder/venv/lib/python3.8/site-packages/django/template/base.py", line 505, in parse
    compile_func = self.tags[command]
KeyError: 'static'

During handling of the above exception, another exception occurred:

Traceback (most recent call last):
  File "/home/timur/PycharmProjects/Univer/Birthday_reminder/venv/lib/python3.8/site-packages/django/core/handlers/exception.py", line 56, in inner
    response = get_response(request)
  File "/home/timur/PycharmProjects/Univer/Birthday_reminder/venv/lib/python3.8/site-packages/debug_toolbar/middleware.py", line 74, in __call__
    rendered = toolbar.render_toolbar()
  File "/home/timur/PycharmProjects/Univer/Birthday_reminder/venv/lib/python3.8/site-packages/debug_toolbar/toolbar.py", line 82, in render_toolbar
    return render_to_string("debug_toolbar/base.html", context)
  File "/home/timur/PycharmProjects/Univer/Birthday_reminder/venv/lib/python3.8/site-packages/django/template/loader.py", line 61, in render_to_string
    template = get_template(template_name, using=using)
  File "/home/timur/PycharmProjects/Univer/Birthday_reminder/venv/lib/python3.8/site-packages/django/template/loader.py", line 15, in get_template
    return engine.get_template(template_name)
  File "/home/timur/PycharmProjects/Univer/Birthday_reminder/venv/lib/python3.8/site-packages/django/template/backends/django.py", line 33, in get_template
    return Template(self.engine.get_template(template_name), self)
  File "/home/timur/PycharmProjects/Univer/Birthday_reminder/venv/lib/python3.8/site-packages/django/template/engine.py", line 175, in get_template
    template, origin = self.find_template(template_name)
  File "/home/timur/PycharmProjects/Univer/Birthday_reminder/venv/lib/python3.8/site-packages/django/template/engine.py", line 157, in find_template
    template = loader.get_template(name, skip=skip)
  File "/home/timur/PycharmProjects/Univer/Birthday_reminder/venv/lib/python3.8/site-packages/django/template/loaders/cached.py", line 57, in get_template
    template = super().get_template(template_name, skip)
  File "/home/timur/PycharmProjects/Univer/Birthday_reminder/venv/lib/python3.8/site-packages/django/template/loaders/base.py", line 28, in get_template
    return Template(
  File "/home/timur/PycharmProjects/Univer/Birthday_reminder/venv/lib/python3.8/site-packages/django/template/base.py", line 154, in __init__
    self.nodelist = self.compile_nodelist()
  File "/home/timur/PycharmProjects/Univer/Birthday_reminder/venv/lib/python3.8/site-packages/django/template/base.py", line 200, in compile_nodelist
    return parser.parse()
  File "/home/timur/PycharmProjects/Univer/Birthday_reminder/venv/lib/python3.8/site-packages/django/template/base.py", line 513, in parse
    raise self.error(token, e)
  File "/home/timur/PycharmProjects/Univer/Birthday_reminder/venv/lib/python3.8/site-packages/django/template/base.py", line 511, in parse
    compiled_result = compile_func(self, token)
  File "/home/timur/PycharmProjects/Univer/Birthday_reminder/venv/lib/python3.8/site-packages/django/template/loader_tags.py", line 232, in do_block
    nodelist = parser.parse(("endblock",))
  File "/home/timur/PycharmProjects/Univer/Birthday_reminder/venv/lib/python3.8/site-packages/django/template/base.py", line 507, in parse
    self.invalid_block_tag(token, command, parse_until)
  File "/home/timur/PycharmProjects/Univer/Birthday_reminder/venv/lib/python3.8/site-packages/django/template/base.py", line 558, in invalid_block_tag
    raise self.error(
django.template.exceptions.TemplateSyntaxError: Invalid block tag on line 3: 'static', expected 'endblock'. Did you forget to register or load this tag?
